user-app/app/build/intermediates/manifest_merge_blame_file/release/manifest-merger-blame-release-report.txt
1<?xml version="1.0" encoding="utf-8"?>
2<manifest xmlns:android="http://schemas.android.com/apk/res/android"
3    package="com.riderapp"
4    android:versionCode="1"
5    android:versionName="1.0" >
6
7    <uses-sdk
8        android:minSdkVersion="21"
9        android:targetSdkVersion="33" />
10
11    <uses-permission android:name="android.permission.INTERNET" />
11-->src/main/AndroidManifest.xml:3:5-67
11-->src/main/AndroidManifest.xml:3:22-64
12
13    <permission
13-->[androidx.core:core:1.9.0] AndroidManifest.xml:22:5-24:47
14        android:name="com.riderapp.DYNAMIC_RECEIVER_NOT_EXPORTED_PERMISSION"
14-->[androidx.core:core:1.9.0] AndroidManifest.xml:23:9-81
15        android:protectionLevel="signature" />
15-->[androidx.core:core:1.9.0] AndroidManifest.xml:24:9-44
16
17    <uses-permission android:name="com.riderapp.DYNAMIC_RECEIVER_NOT_EXPORTED_PERMISSION" />
17-->[androidx.core:core:1.9.0] AndroidManifest.xml:26:5-97
17-->[androidx.core:core:1.9.0] AndroidManifest.xml:26:22-94
18
19    <application
19-->src/main/AndroidManifest.xml:4:5-36:19
20        android:allowBackup="true"
20-->src/main/AndroidManifest.xml:5:9-35
21        android:appComponentFactory="androidx.core.app.CoreComponentFactory"
21-->[androidx.core:core:1.9.0] AndroidManifest.xml:28:18-86
22        android:extractNativeLibs="true"
23        android:icon="@mipmap/ic_launcher"
23-->src/main/AndroidManifest.xml:6:9-43
24        android:label="@string/app_name"
24-->src/main/AndroidManifest.xml:7:9-41
25        android:roundIcon="@mipmap/ic_launcher_round"
25-->src/main/AndroidManifest.xml:8:9-54
26        android:supportsRtl="true"
26-->src/main/AndroidManifest.xml:9:9-35
27        android:theme="@style/Theme.RiderApp" >
27-->src/main/AndroidManifest.xml:10:9-46
28        <activity
28-->src/main/AndroidManifest.xml:11:9-18:20
29            android:name="com.riderapp.ui.LoginActivity"
29-->src/main/AndroidManifest.xml:12:13-45
30            android:exported="true" >
30-->src/main/AndroidManifest.xml:13:13-36
31            <intent-filter>
31-->src/main/AndroidManifest.xml:14:13-17:29
32                <action android:name="android.intent.action.MAIN" />
32-->src/main/AndroidManifest.xml:15:17-69
32-->src/main/AndroidManifest.xml:15:25-66
33
34                <category android:name="android.intent.category.LAUNCHER" />
34-->src/main/AndroidManifest.xml:16:17-77
34-->src/main/AndroidManifest.xml:16:27-74
35            </intent-filter>
36        </activity>
37        <activity android:name="com.riderapp.ui.RegisterActivity" />
37-->src/main/AndroidManifest.xml:19:9-57
37-->src/main/AndroidManifest.xml:19:19-54
38        <activity android:name="com.riderapp.ui.VerifyOtpActivity" />
38-->src/main/AndroidManifest.xml:20:9-58
38-->src/main/AndroidManifest.xml:20:19-55
39        <activity android:name="com.riderapp.ui.HomeActivity" />
39-->src/main/AndroidManifest.xml:21:9-53
39-->src/main/AndroidManifest.xml:21:19-50
40
41        <!-- Admin Activities -->
42        <activity
42-->src/main/AndroidManifest.xml:24:9-26:40
43            android:name="com.riderapp.ui.admin.SuperAdminDashboardActivity"
43-->src/main/AndroidManifest.xml:25:13-65
44            android:exported="false" />
44-->src/main/AndroidManifest.xml:26:13-37
45        <activity
45-->src/main/AndroidManifest.xml:27:9-29:40
46            android:name="com.riderapp.ui.admin.ListAdminActivity"
46-->src/main/AndroidManifest.xml:28:13-55
47            android:exported="false" />
47-->src/main/AndroidManifest.xml:29:13-37
48        <activity
48-->src/main/AndroidManifest.xml:30:9-32:40
49            android:name="com.riderapp.ui.admin.permissions.AdminPermissionsActivity"
49-->src/main/AndroidManifest.xml:31:13-74
50            android:exported="false" />
50-->src/main/AndroidManifest.xml:32:13-37
51        <activity
51-->src/main/AndroidManifest.xml:33:9-35:40
52            android:name="com.riderapp.ui.admin.CreateAdminActivity"
52-->src/main/AndroidManifest.xml:34:13-57
53            android:exported="false" />
53-->src/main/AndroidManifest.xml:35:13-37
54
55        <provider
55-->[androidx.emoji2:emoji2:1.2.0] AndroidManifest.xml:24:9-32:20
56            android:name="androidx.startup.InitializationProvider"
56-->[androidx.emoji2:emoji2:1.2.0] AndroidManifest.xml:25:13-67
57            android:authorities="com.riderapp.androidx-startup"
57-->[androidx.emoji2:emoji2:1.2.0] AndroidManifest.xml:26:13-68
58            android:exported="false" >
58-->[androidx.emoji2:emoji2:1.2.0] AndroidManifest.xml:27:13-37
59            <meta-data
59-->[androidx.emoji2:emoji2:1.2.0] AndroidManifest.xml:29:13-31:52
60                android:name="androidx.emoji2.text.EmojiCompatInitializer"
60-->[androidx.emoji2:emoji2:1.2.0] AndroidManifest.xml:30:17-75
61                android:value="androidx.startup" />
61-->[androidx.emoji2:emoji2:1.2.0] AndroidManifest.xml:31:17-49
62            <meta-data
62-->[androidx.lifecycle:lifecycle-process:2.4.1] AndroidManifest.xml:31:13-33:52
63                android:name="androidx.lifecycle.ProcessLifecycleInitializer"
63-->[androidx.lifecycle:lifecycle-process:2.4.1] AndroidManifest.xml:32:17-78
64                android:value="androidx.startup" />
64-->[androidx.lifecycle:lifecycle-process:2.4.1] AndroidManifest.xml:33:17-49
65        </provider>
66    </application>
67
68</manifest>